1668767808999	geckodriver	INFO	Listening on 127.0.0.1:5384
1668767812093	mozrunner::runner	INFO	Running command: "C:\\Program Files\\Mozilla Firefox\\firefox.exe" "--marionette" "--remote-debugging-port" "5385" "--remote-allow-hosts" "localhost" "-no-remote" "-profile" "C:\\Users\\shakun\\AppData\\Local\\Temp\\rust_mozprofiley7BFEM"
1668767812325	Marionette	INFO	Marionette enabled
1668767812329	Marionette	INFO	Listening on port 5394
WebDriver BiDi listening on ws://127.0.0.1:5385
Read port: 5394
1668767812498	RemoteAgent	WARN	TLS certificate errors will be ignored for this session
console.warn: SearchSettings: "get: No settings file exists, new profile?" (new NotFoundError("Could not open the file at C:\\Users\\shakun\\AppData\\Local\\Temp\\rust_mozprofiley7BFEM\\search.json.mozlz4", (void 0)))
DevTools listening on ws://127.0.0.1:5385/devtools/browser/0f269c3e-7e92-4153-9712-f8c5780ad069
JavaScript warning: https://www.google.com/maps/_/js/k=maps.m.ar.50VWSJ_n28U.2019.O/m=sc2,per,mo,lp,ep,ti,ds,stx,pwd,dw,ppl,log,std,b/am=uwCCQA/rt=j/d=1/rs=ACT90oGx-xNg2lQnvR8AtKcA5VQFnbPnmw, line 3664: WEBGL_debug_renderer_info is deprecated in Firefox and will be removed. Please use RENDERER.
JavaScript warning: , line 0: WebGL warning: texSubImage: Texture has not been initialized prior to a partial upload, forcing the browser to clear it. This may be slow.
JavaScript warning: , line 0: WebGL warning: texSubImage: Tex image TEXTURE_2D level 0 is incurring lazy initialization.
JavaScript warning: , line 0: WebGL warning: texSubImage: Texture has not been initialized prior to a partial upload, forcing the browser to clear it. This may be slow.
JavaScript warning: , line 0: WebGL warning: texSubImage: Tex image TEXTURE_2D level 0 is incurring lazy initialization.
JavaScript warning: , line 0: WebGL warning: copyTexSubImage: Texture has not been initialized prior to a partial upload, forcing the browser to clear it. This may be slow.
JavaScript warning: , line 0: WebGL warning: copyTexSubImage: Tex image TEXTURE_2D level 0 is incurring lazy initialization.
JavaScript warning: , line 0: WebGL warning: texSubImage: Texture has not been initialized prior to a partial upload, forcing the browser to clear it. This may be slow.
JavaScript warning: , line 0: WebGL warning: texSubImage: Tex image TEXTURE_2D level 0 is incurring lazy initialization.
JavaScript warning: , line 0: WebGL warning: texSubImage: Texture has not been initialized prior to a partial upload, forcing the browser to clear it. This may be slow.
JavaScript warning: , line 0: WebGL warning: texSubImage: Tex image TEXTURE_2D level 0 is incurring lazy initialization.
JavaScript warning: , line 0: WebGL warning: texSubImage: Texture has not been initialized prior to a partial upload, forcing the browser to clear it. This may be slow.
JavaScript warning: , line 0: WebGL warning: texSubImage: Tex image TEXTURE_2D level 0 is incurring lazy initialization.
